SF:lib/start.dart
DA:6,0
DA:7,0
DA:8,0
DA:14,4
DA:17,1
DA:19,1
DA:21,1
LF:7
LH:4
end_of_record
SF:lib/app/utils/get_random.dart
DA:3,0
DA:4,0
DA:5,0
LF:3
LH:0
end_of_record
SF:lib/app/utils/logger.dart
DA:5,0
DA:8,0
DA:10,0
DA:11,0
LF:4
LH:0
end_of_record
SF:lib/features/auth/data/auth_api.dart
DA:4,0
DA:5,0
DA:7,0
LF:3
LH:0
end_of_record
SF:lib/features/auth/provider/forgot_provider.dart
DA:7,7
DA:8,1
DA:11,8
DA:12,4
DA:13,2
DA:16,4
DA:17,4
DA:18,4
DA:19,2
DA:23,2
DA:24,2
DA:29,1
DA:30,1
DA:31,2
DA:32,1
LF:15
LH:15
end_of_record
SF:lib/features/auth/repository/auth_repo.dart
DA:7,2
DA:9,1
DA:10,2
DA:11,2
DA:12,1
LF:5
LH:5
end_of_record
SF:lib/features/auth/widget/Forgot_Screen.dart
DA:7,4
DA:9,2
DA:11,2
DA:12,2
DA:15,2
DA:16,2
DA:17,2
DA:18,2
DA:19,4
DA:20,4
DA:22,2
DA:23,2
DA:26,1
DA:31,1
DA:32,2
DA:34,0
DA:35,0
DA:39,2
DA:40,2
DA:41,2
DA:43,1
DA:44,4
LF:22
LH:20
end_of_record
SF:lib/features/auth/widget/Login_screen.dart
DA:6,4
DA:8,2
DA:9,2
DA:19,2
DA:21,2
DA:22,4
DA:25,1
DA:26,3
DA:28,2
DA:29,1
DA:34,1
DA:35,3
DA:37,2
DA:38,1
DA:43,1
DA:44,1
DA:45,1
DA:48,2
DA:50,2
DA:52,2
DA:55,2
DA:56,2
DA:57,2
DA:61,2
DA:64,2
DA:65,2
DA:67,2
DA:70,2
DA:74,2
DA:78,2
DA:80,2
DA:82,2
DA:83,2
DA:89,2
DA:90,1
DA:92,3
DA:93,1
DA:100,2
DA:103,2
DA:104,2
DA:105,2
DA:106,1
DA:107,1
LF:43
LH:43
end_of_record
